<?xml version="1.0" encoding="UTF-8"?>
<testsuite xmlns:xsi="http://www.w3.org/2001/XMLSchema-instance" xsi:noNamespaceSchemaLocation="https://maven.apache.org/surefire/maven-surefire-plugin/xsd/surefire-test-report-3.0.xsd" version="3.0" name="flightapp.FlightServiceTest" time="111.903" tests="41" errors="0" skipped="0" failures="0">
  <properties>
[...]
</properties>
  <testcase name="runTest[0]" classname="flightapp.FlightServiceTest" time="7.391">
    <system-out><![CDATA[Running test setup...
... using dbconn.properties for test credentials
... resetting database (ie, dropping all tables with suffix: jlu29)
... running createTables.sql

Starting tests
Running test file: /Users/johnt/Documents/Summer 2024/CSE 344/hw6/project/cases/transaction/reservations/reservations_SameUserPaid.test.txt
deadlock
deadlock
]]></system-out>
  </testcase>
  <testcase name="runTest[1]" classname="flightapp.FlightServiceTest" time="3.885">
    <system-out><![CDATA[Running test file: /Users/johnt/Documents/Summer 2024/CSE 344/hw6/project/cases/transaction/pay/pay_sameUser.test.txt
deadlock
]]></system-out>
  </testcase>
  <testcase name="runTest[2]" classname="flightapp.FlightServiceTest" time="2.855">
    <system-out><![CDATA[Running test file: /Users/johnt/Documents/Summer 2024/CSE 344/hw6/project/cases/transaction/pay/pay_wrongUser.test.txt
deadlock
]]></system-out>
  </testcase>
  <testcase name="runTest[3]" classname="flightapp.FlightServiceTest" time="4.704">
    <system-out><![CDATA[Running test file: /Users/johnt/Documents/Summer 2024/CSE 344/hw6/project/cases/transaction/search/search_differentUsersSameQuery.test.txt
deadlock
]]></system-out>
  </testcase>
  <testcase name="runTest[4]" classname="flightapp.FlightServiceTest" time="3.272">
    <system-out><![CDATA[Running test file: /Users/johnt/Documents/Summer 2024/CSE 344/hw6/project/cases/transaction/book/book_withoutSearch.test.txt
deadlock
]]></system-out>
  </testcase>
  <testcase name="runTest[5]" classname="flightapp.FlightServiceTest" time="7.146">
    <system-out><![CDATA[Running test file: /Users/johnt/Documents/Summer 2024/CSE 344/hw6/project/cases/transaction/book/book_2Users2Flights.test.txt
deadlock
]]></system-out>
  </testcase>
  <testcase name="runTest[6]" classname="flightapp.FlightServiceTest" time="6.106">
    <system-out><![CDATA[Running test file: /Users/johnt/Documents/Summer 2024/CSE 344/hw6/project/cases/transaction/book/book_2Users1FlightNoCapacity.test.txt
deadlock
]]></system-out>
  </testcase>
  <testcase name="runTest[7]" classname="flightapp.FlightServiceTest" time="5.269">
    <system-out><![CDATA[Running test file: /Users/johnt/Documents/Summer 2024/CSE 344/hw6/project/cases/transaction/book/book_2Users1Flight.test.txt
deadlock
]]></system-out>
  </testcase>
  <testcase name="runTest[8]" classname="flightapp.FlightServiceTest" time="7.785">
    <system-out><![CDATA[Running test file: /Users/johnt/Documents/Summer 2024/CSE 344/hw6/project/cases/transaction/book/book_1User1FlightTwice.test.txt
deadlock
deadlock
]]></system-out>
  </testcase>
  <testcase name="runTest[9]" classname="flightapp.FlightServiceTest" time="2.545">
    <system-out><![CDATA[Running test file: /Users/johnt/Documents/Summer 2024/CSE 344/hw6/project/cases/transaction/create/create_2UsersSameName.test.txt
deadlock
]]></system-out>
  </testcase>
  <testcase name="runTest[10]" classname="flightapp.FlightServiceTest" time="1.332">
    <system-out><![CDATA[Running test file: /Users/johnt/Documents/Summer 2024/CSE 344/hw6/project/cases/transaction/create/create_2UsersDifferentName.test.txt
deadlock
]]></system-out>
  </testcase>
  <testcase name="runTest[11]" classname="flightapp.FlightServiceTest" time="1.772">
    <system-out><![CDATA[Running test file: /Users/johnt/Documents/Summer 2024/CSE 344/hw6/project/cases/transaction/login/login_differentUsers.test.txt
deadlock
]]></system-out>
  </testcase>
  <testcase name="runTest[12]" classname="flightapp.FlightServiceTest" time="1.067">
    <system-out><![CDATA[Running test file: /Users/johnt/Documents/Summer 2024/CSE 344/hw6/project/cases/transaction/login/login_sameUsers.test.txt
deadlock
]]></system-out>
  </testcase>
  <testcase name="runTest[13]" classname="flightapp.FlightServiceTest" time="0.815">
    <system-out><![CDATA[Running test file: /Users/johnt/Documents/Summer 2024/CSE 344/hw6/project/cases/transaction/login/login_loginAndCreate.test.txt
]]></system-out>
  </testcase>
  <testcase name="runTest[14]" classname="flightapp.FlightServiceTest" time="1.998">
    <system-out><![CDATA[Running test file: /Users/johnt/Documents/Summer 2024/CSE 344/hw6/project/cases/transaction/login/login_createUserInOtherSession.test.txt
deadlock
]]></system-out>
  </testcase>
  <testcase name="runTest[15]" classname="flightapp.FlightServiceTest" time="2.689">
    <system-out><![CDATA[Running test file: /Users/johnt/Documents/Summer 2024/CSE 344/hw6/project/cases/no_transaction/reservations/reservations_same_day.test.txt
]]></system-out>
  </testcase>
  <testcase name="runTest[16]" classname="flightapp.FlightServiceTest" time="4.441">
    <system-out><![CDATA[Running test file: /Users/johnt/Documents/Summer 2024/CSE 344/hw6/project/cases/no_transaction/reservations/reservations_multiple.test.txt
]]></system-out>
  </testcase>
  <testcase name="runTest[17]" classname="flightapp.FlightServiceTest" time="0.495">
    <system-out><![CDATA[Running test file: /Users/johnt/Documents/Summer 2024/CSE 344/hw6/project/cases/no_transaction/reservations/reservations_userNotLoggedIn.test.txt
]]></system-out>
  </testcase>
  <testcase name="runTest[18]" classname="flightapp.FlightServiceTest" time="2.25">
    <system-out><![CDATA[Running test file: /Users/johnt/Documents/Summer 2024/CSE 344/hw6/project/cases/no_transaction/reservations/reservations_basic.test.txt
]]></system-out>
  </testcase>
  <testcase name="runTest[19]" classname="flightapp.FlightServiceTest" time="2.228">
    <system-out><![CDATA[Running test file: /Users/johnt/Documents/Summer 2024/CSE 344/hw6/project/cases/no_transaction/pay/pay_negative.test.txt
]]></system-out>
  </testcase>
  <testcase name="runTest[20]" classname="flightapp.FlightServiceTest" time="3.214">
    <system-out><![CDATA[Running test file: /Users/johnt/Documents/Summer 2024/CSE 344/hw6/project/cases/no_transaction/pay/pay_already.test.txt
]]></system-out>
  </testcase>
  <testcase name="runTest[21]" classname="flightapp.FlightServiceTest" time="2.87">
    <system-out><![CDATA[Running test file: /Users/johnt/Documents/Summer 2024/CSE 344/hw6/project/cases/no_transaction/pay/pay_insufficient.test.txt
]]></system-out>
  </testcase>
  <testcase name="runTest[22]" classname="flightapp.FlightServiceTest" time="5.723">
    <system-out><![CDATA[Running test file: /Users/johnt/Documents/Summer 2024/CSE 344/hw6/project/cases/no_transaction/pay/pay_indirectFlightsItinerary.test.txt
]]></system-out>
  </testcase>
  <testcase name="runTest[23]" classname="flightapp.FlightServiceTest" time="2.731">
    <system-out><![CDATA[Running test file: /Users/johnt/Documents/Summer 2024/CSE 344/hw6/project/cases/no_transaction/pay/pay_basic.test.txt
]]></system-out>
  </testcase>
  <testcase name="runTest[24]" classname="flightapp.FlightServiceTest" time="1.632">
    <system-out><![CDATA[Running test file: /Users/johnt/Documents/Summer 2024/CSE 344/hw6/project/cases/no_transaction/search/search_lessThanN.test.txt
]]></system-out>
  </testcase>
  <testcase name="runTest[25]" classname="flightapp.FlightServiceTest" time="4.813">
    <system-out><![CDATA[Running test file: /Users/johnt/Documents/Summer 2024/CSE 344/hw6/project/cases/no_transaction/search/search_topk.test.txt
]]></system-out>
  </testcase>
  <testcase name="runTest[26]" classname="flightapp.FlightServiceTest" time="1.719">
    <system-out><![CDATA[Running test file: /Users/johnt/Documents/Summer 2024/CSE 344/hw6/project/cases/no_transaction/search/search_noValid.test.txt
]]></system-out>
  </testcase>
  <testcase name="runTest[27]" classname="flightapp.FlightServiceTest" time="1.865">
    <system-out><![CDATA[Running test file: /Users/johnt/Documents/Summer 2024/CSE 344/hw6/project/cases/no_transaction/search/search_indirect.test.txt
]]></system-out>
  </testcase>
  <testcase name="runTest[28]" classname="flightapp.FlightServiceTest" time="1.931">
    <system-out><![CDATA[Running test file: /Users/johnt/Documents/Summer 2024/CSE 344/hw6/project/cases/no_transaction/search/search_topk_direct.test.txt
]]></system-out>
  </testcase>
  <testcase name="runTest[29]" classname="flightapp.FlightServiceTest" time="2.063">
    <system-out><![CDATA[Running test file: /Users/johnt/Documents/Summer 2024/CSE 344/hw6/project/cases/no_transaction/search/search_basic.test.txt
]]></system-out>
  </testcase>
  <testcase name="runTest[30]" classname="flightapp.FlightServiceTest" time="2.172">
    <system-out><![CDATA[Running test file: /Users/johnt/Documents/Summer 2024/CSE 344/hw6/project/cases/no_transaction/book/book_withoutLogIn.test.txt
]]></system-out>
  </testcase>
  <testcase name="runTest[31]" classname="flightapp.FlightServiceTest" time="2.227">
    <system-out><![CDATA[Running test file: /Users/johnt/Documents/Summer 2024/CSE 344/hw6/project/cases/no_transaction/book/book_basic.test.txt
]]></system-out>
  </testcase>
  <testcase name="runTest[32]" classname="flightapp.FlightServiceTest" time="2.245">
    <system-out><![CDATA[Running test file: /Users/johnt/Documents/Summer 2024/CSE 344/hw6/project/cases/no_transaction/book/book_multiple.test.txt
]]></system-out>
  </testcase>
  <testcase name="runTest[33]" classname="flightapp.FlightServiceTest" time="0.627">
    <system-out><![CDATA[Running test file: /Users/johnt/Documents/Summer 2024/CSE 344/hw6/project/cases/no_transaction/create/create_negativeBalance.test.txt
]]></system-out>
  </testcase>
  <testcase name="runTest[34]" classname="flightapp.FlightServiceTest" time="0.608">
    <system-out><![CDATA[Running test file: /Users/johnt/Documents/Summer 2024/CSE 344/hw6/project/cases/no_transaction/create/create_basic.test.txt
]]></system-out>
  </testcase>
  <testcase name="runTest[35]" classname="flightapp.FlightServiceTest" time="0.721">
    <system-out><![CDATA[Running test file: /Users/johnt/Documents/Summer 2024/CSE 344/hw6/project/cases/no_transaction/create/create_existingUser.test.txt
]]></system-out>
  </testcase>
  <testcase name="runTest[36]" classname="flightapp.FlightServiceTest" time="0.772">
    <system-out><![CDATA[Running test file: /Users/johnt/Documents/Summer 2024/CSE 344/hw6/project/cases/no_transaction/login/login_success.test.txt
]]></system-out>
  </testcase>
  <testcase name="runTest[37]" classname="flightapp.FlightServiceTest" time="0.698">
    <system-out><![CDATA[Running test file: /Users/johnt/Documents/Summer 2024/CSE 344/hw6/project/cases/no_transaction/login/login_nonexistingUsername.test.txt
]]></system-out>
  </testcase>
  <testcase name="runTest[38]" classname="flightapp.FlightServiceTest" time="0.971">
    <system-out><![CDATA[Running test file: /Users/johnt/Documents/Summer 2024/CSE 344/hw6/project/cases/no_transaction/login/login_already.test.txt
]]></system-out>
  </testcase>
  <testcase name="runTest[39]" classname="flightapp.FlightServiceTest" time="0.772">
    <system-out><![CDATA[Running test file: /Users/johnt/Documents/Summer 2024/CSE 344/hw6/project/cases/no_transaction/login/login_wrongPassword.test.txt
]]></system-out>
  </testcase>
  <testcase name="runTest[40]" classname="flightapp.FlightServiceTest" time="0.773">
    <system-out><![CDATA[Running test file: /Users/johnt/Documents/Summer 2024/CSE 344/hw6/project/cases/no_transaction/login/login_single.test.txt
]]></system-out>
  </testcase>
</testsuite>